app/build/intermediates/manifest_merge_blame_file/release/manifest-merger-blame-release-report.txt
1<?xml version="1.0" encoding="utf-8"?>
2<manifest xmlns:android="http://schemas.android.com/apk/res/android"
3    package="com.example.week1_contact"
4    android:versionCode="1"
5    android:versionName="1.0" >
6
7    <uses-sdk
8        android:minSdkVersion="15"
8-->src\main\AndroidManifest.xml
9        android:targetSdkVersion="29" />
9-->src\main\AndroidManifest.xml
10
11    <uses-permission android:name="android.permission.INTERNET" />
11-->src\main\AndroidManifest.xml:6:5-66
11-->src\main\AndroidManifest.xml:6:22-64
12    <uses-permission android:name="android.permission.READ_CONTACTS" />
12-->src\main\AndroidManifest.xml:7:5-71
12-->src\main\AndroidManifest.xml:7:22-69
13    <uses-permission android:name="android.permission.WRITE_CONTACTS" />
13-->src\main\AndroidManifest.xml:8:5-72
13-->src\main\AndroidManifest.xml:8:22-70
14    <uses-permission android:name="android.permission.ACCESS_COARSE_LOCATION" />
14-->src\main\AndroidManifest.xml:9:5-80
14-->src\main\AndroidManifest.xml:9:22-78
15    <uses-permission android:name="android.permission.ACCESS_WIFI_STATE" />
15-->src\main\AndroidManifest.xml:10:5-75
15-->src\main\AndroidManifest.xml:10:22-73
16    <uses-permission android:name="android.permission.ACCESS_NETWORK_STATE" />
16-->src\main\AndroidManifest.xml:11:5-78
16-->src\main\AndroidManifest.xml:11:22-76
17    <uses-permission android:name="android.permission.CHANGE_WIFI_STATE" />
17-->src\main\AndroidManifest.xml:12:5-75
17-->src\main\AndroidManifest.xml:12:22-73
18    <uses-permission android:name="android.permission.CHANGE_WIFI_MULTICAST_STATE" />
18-->src\main\AndroidManifest.xml:13:5-85
18-->src\main\AndroidManifest.xml:13:22-83
19    <uses-permission android:name="android.permission.READ_EXTERNAL_STORAGE" />
19-->src\main\AndroidManifest.xml:14:5-79
19-->src\main\AndroidManifest.xml:14:22-77
20    <uses-permission android:name="android.permission.WRITE_EXTERNAL_STORAGE" />
20-->src\main\AndroidManifest.xml:15:5-80
20-->src\main\AndroidManifest.xml:15:22-78
21    <uses-permission android:name="android.permission.SYSTEM_ALERT_WINDOW" />
21-->src\main\AndroidManifest.xml:16:5-77
21-->src\main\AndroidManifest.xml:16:22-75
22
23    <application
23-->src\main\AndroidManifest.xml:18:5-36:19
24        android:allowBackup="true"
24-->src\main\AndroidManifest.xml:19:9-35
25        android:appComponentFactory="androidx.core.app.CoreComponentFactory"
25-->[androidx.core:core:1.0.1] AndroidManifest.xml:22:18-86
26        android:icon="@mipmap/icon"
26-->src\main\AndroidManifest.xml:20:9-36
27        android:label="@string/app_name"
27-->src\main\AndroidManifest.xml:21:9-41
28        android:roundIcon="@mipmap/icon_round"
28-->src\main\AndroidManifest.xml:22:9-47
29        android:supportsRtl="true"
29-->src\main\AndroidManifest.xml:23:9-35
30        android:theme="@style/AppTheme" >
30-->src\main\AndroidManifest.xml:24:9-40
31        <activity android:name="com.example.week1_contact.MainActivity" >
31-->src\main\AndroidManifest.xml:25:9-32:20
31-->src\main\AndroidManifest.xml:26:13-41
32            <intent-filter>
32-->src\main\AndroidManifest.xml:27:13-31:29
33                <action android:name="android.intent.action.MAIN" />
33-->src\main\AndroidManifest.xml:28:17-69
33-->src\main\AndroidManifest.xml:28:25-66
34
35                <category android:name="android.intent.category.LAUNCHER" />
35-->src\main\AndroidManifest.xml:30:17-77
35-->src\main\AndroidManifest.xml:30:27-74
36            </intent-filter>
37        </activity>
38        <activity
38-->src\main\AndroidManifest.xml:33:9-35:55
39            android:name="com.example.week1_contact.fragment.PhotoFragment_Zoomed_Activity"
39-->src\main\AndroidManifest.xml:34:13-67
40            android:label="Selected Image" />
40-->src\main\AndroidManifest.xml:35:13-43
41    </application>
42
43</manifest>